<?xml version="1.0" encoding="UTF-8"?>
<testng-results ignored="1" total="1" passed="0" failed="0" skipped="0">
  <reporter-output>
  </reporter-output>
  <suite started-at="2022-08-19T15:00:25 CEST" name="Baze Test Automation Test Suite" finished-at="2022-08-19T15:01:02 CEST" duration-ms="36443">
    <groups>
    </groups>
    <test started-at="2022-08-19T15:00:25 CEST" name="Baze Test Cases" finished-at="2022-08-19T15:01:02 CEST" duration-ms="36443">
    </test> <!-- Baze Test Cases -->
  </suite> <!-- Baze Test Automation Test Suite -->
</testng-results>
